============================= test session starts ==============================
platform darwin -- Python 3.9.6, pytest-8.4.2, pluggy-1.6.0
rootdir: /Users/kush/Desktop/CodePath AI101/week2/ai110-module1show-gameglitchinvestigator-starter
collected 18 items

tests/test_edge_cases.py .........                                       [ 50%]
tests/test_game_logic.py ...                                             [ 66%]
tests/test_logic_utils.py ......                                         [100%]

============================== 18 passed in 0.03s ==============================
